<?xml version="1.0" encoding="UTF-8"?>
<testng-results skipped="0" failed="0" ignored="0" total="1" passed="1">
  <reporter-output>
  </reporter-output>
  <suite name="TestSet.Test1" duration-ms="43017" started-at="2019-02-08T13:20:19Z" finished-at="2019-02-08T13:21:02Z">
    <groups>
    </groups>
    <test name="Command line test" duration-ms="43017" started-at="2019-02-08T13:20:19Z" finished-at="2019-02-08T13:21:02Z">
      <class name="TestSet.Test1">
        <test-method status="PASS" signature="login()[pri:0, instance:TestSet.Test1@dfd3711]" name="login" duration-ms="42947" started-at="2019-02-08T13:20:19Z" finished-at="2019-02-08T13:21:02Z">
          <reporter-output>
          </reporter-output>
        </test-method> <!-- login -->
        <test-method status="PASS" signature="cerrarBrowser()[pri:0, instance:TestSet.Test1@dfd3711]" name="cerrarBrowser" is-config="true" duration-ms="27" started-at="2019-02-08T13:21:02Z" finished-at="2019-02-08T13:21:02Z">
          <reporter-output>
          </reporter-output>
        </test-method> <!-- cerrarBrowser -->
      </class> <!-- TestSet.Test1 -->
    </test> <!-- Command line test -->
  </suite> <!-- TestSet.Test1 -->
</testng-results>
