<?xml version="1.0" encoding="UTF-8"?>
<testng-results skipped="0" failed="0" ignored="0" total="8" passed="8">
  <reporter-output>
  </reporter-output>
  <suite name="Pruebas.Test1" duration-ms="95" started-at="2019-02-01T14:12:36Z" finished-at="2019-02-01T14:12:36Z">
    <groups>
    </groups>
    <test name="Command line test" duration-ms="95" started-at="2019-02-01T14:12:36Z" finished-at="2019-02-01T14:12:36Z">
      <class name="Pruebas.Test1">
        <test-method status="PASS" signature="distintoObjeto()[pri:0, instance:Pruebas.Test1@7a0ac6e3]" name="distintoObjeto" duration-ms="21" started-at="2019-02-01T14:12:36Z" finished-at="2019-02-01T14:12:36Z">
          <reporter-output>
          </reporter-output>
        </test-method> <!-- distintoObjeto -->
        <test-method status="PASS" signature="mismoObjeto()[pri:0, instance:Pruebas.Test1@7a0ac6e3]" name="mismoObjeto" duration-ms="0" started-at="2019-02-01T14:12:36Z" finished-at="2019-02-01T14:12:36Z">
          <reporter-output>
          </reporter-output>
        </test-method> <!-- mismoObjeto -->
        <test-method status="PASS" signature="probarNoNulo()[pri:0, instance:Pruebas.Test1@7a0ac6e3]" name="probarNoNulo" duration-ms="1" started-at="2019-02-01T14:12:36Z" finished-at="2019-02-01T14:12:36Z">
          <reporter-output>
          </reporter-output>
        </test-method> <!-- probarNoNulo -->
        <test-method status="PASS" signature="probarNulo()[pri:0, instance:Pruebas.Test1@7a0ac6e3]" name="probarNulo" duration-ms="1" started-at="2019-02-01T14:12:36Z" finished-at="2019-02-01T14:12:36Z">
          <reporter-output>
          </reporter-output>
        </test-method> <!-- probarNulo -->
        <test-method status="PASS" signature="testNumeroFalso()[pri:0, instance:Pruebas.Test1@7a0ac6e3]" name="testNumeroFalso" duration-ms="2" started-at="2019-02-01T14:12:36Z" finished-at="2019-02-01T14:12:36Z">
          <reporter-output>
          </reporter-output>
        </test-method> <!-- testNumeroFalso -->
        <test-method status="PASS" signature="testNumeroIgual()[pri:0, instance:Pruebas.Test1@7a0ac6e3]" name="testNumeroIgual" duration-ms="3" started-at="2019-02-01T14:12:36Z" finished-at="2019-02-01T14:12:36Z">
          <reporter-output>
          </reporter-output>
        </test-method> <!-- testNumeroIgual -->
        <test-method status="PASS" signature="testNumeroNoIgual()[pri:0, instance:Pruebas.Test1@7a0ac6e3]" name="testNumeroNoIgual" duration-ms="2" started-at="2019-02-01T14:12:36Z" finished-at="2019-02-01T14:12:36Z">
          <reporter-output>
          </reporter-output>
        </test-method> <!-- testNumeroNoIgual -->
        <test-method status="PASS" signature="testNumeroVerdadero()[pri:0, instance:Pruebas.Test1@7a0ac6e3]" name="testNumeroVerdadero" duration-ms="1" started-at="2019-02-01T14:12:36Z" finished-at="2019-02-01T14:12:36Z">
          <reporter-output>
          </reporter-output>
        </test-method> <!-- testNumeroVerdadero -->
      </class> <!-- Pruebas.Test1 -->
    </test> <!-- Command line test -->
  </suite> <!-- Pruebas.Test1 -->
</testng-results>
