<?xml version="1.0" encoding="UTF-8"?>
<!-- Generated by org.testng.reporters.JUnitXMLReporter -->
<testsuite hostname="nbcorar69" ignored="2" name="Default test" tests="2" failures="0" timestamp="07 feb 2019 20:40:22 GMT" time="0.075" errors="0">
  <testcase name="Prueba2" time="0.016" classname="Pruebas.Test1"/>
  <testcase name="Prueba4" time="0.006" classname="Pruebas.Test1"/>
  <testcase name="Prueba1" time="0.0" classname="Pruebas.Test1">
    <ignored/>
  </testcase> <!-- Prueba1 -->
  <testcase name="Prueba3" time="0.0" classname="Pruebas.Test1">
    <ignored/>
  </testcase> <!-- Prueba3 -->
</testsuite> <!-- Default test -->
