<?xml version="1.0" encoding="UTF-8"?>
<!-- Generated by org.testng.reporters.JUnitXMLReporter -->
<testsuite hostname="Valentino-PC" ignored="0" name="Command line test" tests="3" failures="0" timestamp="31 ene 2019 01:47:26 GMT" time="90.023" errors="0">
  <testcase name="PruebaDos" time="11.583" classname="Pruebas.Test1"/>
  <testcase name="PruebaTres" time="37.258" classname="Pruebas.Test1"/>
  <testcase name="PruebaUno" time="5.495" classname="Pruebas.Test1"/>
</testsuite> <!-- Command line test -->
