<?xml version="1.0" encoding="UTF-8"?>
<testng-results skipped="0" failed="0" ignored="2" total="4" passed="2">
  <reporter-output>
  </reporter-output>
  <suite name="Default suite" duration-ms="75" started-at="2019-02-07T20:40:21Z" finished-at="2019-02-07T20:40:22Z">
    <groups>
    </groups>
    <test name="Default test" duration-ms="75" started-at="2019-02-07T20:40:21Z" finished-at="2019-02-07T20:40:22Z">
      <class name="Pruebas.Test1">
        <test-method status="PASS" signature="Prueba2()[pri:0, instance:Pruebas.Test1@23ceabc1]" name="Prueba2" duration-ms="16" started-at="2019-02-07T20:40:21Z" finished-at="2019-02-07T20:40:21Z">
          <reporter-output>
          </reporter-output>
        </test-method> <!-- Prueba2 -->
        <test-method status="PASS" signature="Prueba4()[pri:0, instance:Pruebas.Test1@23ceabc1]" name="Prueba4" duration-ms="6" started-at="2019-02-07T20:40:21Z" finished-at="2019-02-07T20:40:21Z">
          <reporter-output>
          </reporter-output>
        </test-method> <!-- Prueba4 -->
      </class> <!-- Pruebas.Test1 -->
    </test> <!-- Default test -->
  </suite> <!-- Default suite -->
</testng-results>
