<?xml version="1.0" encoding="UTF-8"?>
<!-- Generated by org.testng.reporters.JUnitXMLReporter -->
<testsuite hostname="nbcorar69" ignored="0" name="Command line test" tests="1" failures="1" timestamp="12 feb 2019 14:02:57 GMT" time="0.063" errors="0">
  <testcase name="login1" time="0.0" classname="TestSet.Test1">
    <failure type="org.testng.TestNGException" message="
Cannot inject @Test annotated Method [login1] with [interface org.openqa.selenium.WebDriver, class java.lang.String].
For more information on native dependency injection please refer to http://testng.org/doc/documentation-main.html#native-dependency-injection">
      <![CDATA[org.testng.TestNGException: 
Cannot inject @Test annotated Method [login1] with [interface org.openqa.selenium.WebDriver, class java.lang.String].
For more information on native dependency injection please refer to http://testng.org/doc/documentation-main.html#native-dependency-injection
... Removed 34 stack frames]]>
    </failure>
  </testcase> <!-- login1 -->
</testsuite> <!-- Command line test -->
