<?xml version="1.0" encoding="UTF-8"?>
<!-- Generated by org.testng.reporters.JUnitXMLReporter -->
<testsuite hostname="Valentino-PC" ignored="0" name="Command line test" tests="2" failures="1" timestamp="10 feb 2019 13:53:51 GMT" time="0.025" errors="0">
  <testcase name="probarReportes" time="0.006" classname="TestSet.Test1">
    <failure type="java.lang.NoClassDefFoundError" message="com/relevantcodes/extentreports/ExtentReports">
      <![CDATA[java.lang.NoClassDefFoundError: com/relevantcodes/extentreports/ExtentReports
at TestSet.Test1.probarReportes(Test1.java:53)
Caused by: java.lang.ClassNotFoundException: com.relevantcodes.extentreports.ExtentReports
at java.net.URLClassLoader.findClass(Unknown Source)
at java.lang.ClassLoader.loadClass(Unknown Source)
at sun.misc.Launcher$AppClassLoader.loadClass(Unknown Source)
at java.lang.ClassLoader.loadClass(Unknown Source)
... 36 more
... Removed 35 stack frames]]>
    </failure>
  </testcase> <!-- probarReportes -->
  <testcase name="Reporte" time="0.001" classname="TestSet.Test3"/>
</testsuite> <!-- Command line test -->
