<?xml version="1.0" encoding="UTF-8"?>
<!-- Generated by org.testng.reporters.JUnitXMLReporter -->
<testsuite hostname="Valentino-PC" ignored="0" name="Command line test" tests="2" failures="1" timestamp="10 feb 2019 02:03:57 GMT" time="25.808" errors="0">
  <testcase name="probarReportes" time="0.009" classname="TestSet.Test1">
    <failure type="java.lang.NoSuchMethodError" message="com.relevantcodes.extentreports.ExtentReports.get(Ljava/lang/Class;)Lcom/relevantcodes/extentreports/ExtentReports;">
      <![CDATA[java.lang.NoSuchMethodError: com.relevantcodes.extentreports.ExtentReports.get(Ljava/lang/Class;)Lcom/relevantcodes/extentreports/ExtentReports;
at TestSet.Test1.probarReportes(Test1.java:52)
... Removed 34 stack frames]]>
    </failure>
  </testcase> <!-- probarReportes -->
  <testcase name="verificarTitulo" time="25.764" classname="TestSet.Test1"/>
</testsuite> <!-- Command line test -->
