<?xml version="1.0" encoding="UTF-8"?>
<!-- Generated by org.testng.reporters.JUnitXMLReporter -->
<testsuite hostname="nbcorar69" ignored="0" name="Command line test" tests="8" failures="0" timestamp="01 feb 2019 14:12:37 GMT" time="0.095" errors="0">
  <testcase name="distintoObjeto" time="0.021" classname="Pruebas.Test1"/>
  <testcase name="mismoObjeto" time="0.0" classname="Pruebas.Test1"/>
  <testcase name="probarNoNulo" time="0.001" classname="Pruebas.Test1"/>
  <testcase name="probarNulo" time="0.001" classname="Pruebas.Test1"/>
  <testcase name="testNumeroFalso" time="0.002" classname="Pruebas.Test1"/>
  <testcase name="testNumeroIgual" time="0.003" classname="Pruebas.Test1"/>
  <testcase name="testNumeroNoIgual" time="0.002" classname="Pruebas.Test1"/>
  <testcase name="testNumeroVerdadero" time="0.001" classname="Pruebas.Test1"/>
</testsuite> <!-- Command line test -->
